<?xml version="1.0" encoding="UTF-8"?>
<testng-results skipped="0" failed="0" ignored="0" total="1" passed="1">
  <reporter-output>
  </reporter-output>
  <suite name="Surefire suite" duration-ms="50" started-at="2019-02-06T16:46:46 IST" finished-at="2019-02-06T16:46:46 IST">
    <groups>
    </groups>
    <test name="Surefire test" duration-ms="50" started-at="2019-02-06T16:46:46 IST" finished-at="2019-02-06T16:46:46 IST">
      <class name="com.qainfotech.com.testNG.AppTest">
        <test-method status="PASS" signature="TestExample()[pri:0, instance:com.qainfotech.com.testNG.AppTest@13969fbe]" name="TestExample" duration-ms="12" started-at="2019-02-06T16:46:46 IST" finished-at="2019-02-06T16:46:46 IST">
          <reporter-output>
          </reporter-output>
        </test-method> <!-- TestExample -->
      </class> <!-- com.qainfotech.com.testNG.AppTest -->
    </test> <!-- Surefire test -->
  </suite> <!-- Surefire suite -->
</testng-results>
